<?xml version="1.0" encoding="UTF-8"?>
<testng-results ignored="0" total="1" passed="1" failed="0" skipped="0">
  <reporter-output>
  </reporter-output>
  <suite started-at="2022-11-04T16:05:06 IST" name="Default suite" finished-at="2022-11-04T16:05:10 IST" duration-ms="4157">
    <groups>
    </groups>
    <test started-at="2022-11-04T16:05:06 IST" name="Default test" finished-at="2022-11-04T16:05:10 IST" duration-ms="4157">
      <class name="Operations.DeleteRequest">
        <test-method is-config="true" signature="configureBS()[pri:0, instance:Operations.DeleteRequest@3911c2a7]" started-at="2022-11-04T16:05:06 IST" name="configureBS" finished-at="2022-11-04T16:05:06 IST" duration-ms="13" status="PASS">
          <reporter-output>
          </reporter-output>
        </test-method> <!-- configureBS -->
        <test-method is-config="true" signature="configureBT()[pri:0, instance:Operations.DeleteRequest@3911c2a7]" started-at="2022-11-04T16:05:06 IST" name="configureBT" finished-at="2022-11-04T16:05:06 IST" duration-ms="2" status="PASS">
          <reporter-output>
          </reporter-output>
        </test-method> <!-- configureBT -->
        <test-method is-config="true" signature="configureBC()[pri:0, instance:Operations.DeleteRequest@3911c2a7]" started-at="2022-11-04T16:05:06 IST" name="configureBC" finished-at="2022-11-04T16:05:06 IST" duration-ms="1" status="PASS">
          <reporter-output>
          </reporter-output>
        </test-method> <!-- configureBC -->
        <test-method is-config="true" signature="configureBM()[pri:0, instance:Operations.DeleteRequest@3911c2a7]" started-at="2022-11-04T16:05:06 IST" name="configureBM" finished-at="2022-11-04T16:05:06 IST" duration-ms="1" status="PASS">
          <reporter-output>
          </reporter-output>
        </test-method> <!-- configureBM -->
        <test-method signature="deleteById()[pri:0, instance:Operations.DeleteRequest@3911c2a7]" started-at="2022-11-04T16:05:06 IST" name="deleteById" finished-at="2022-11-04T16:05:10 IST" duration-ms="4097" status="PASS">
          <reporter-output>
          </reporter-output>
        </test-method> <!-- deleteById -->
        <test-method is-config="true" signature="configureAM()[pri:0, instance:Operations.DeleteRequest@3911c2a7]" started-at="2022-11-04T16:05:10 IST" name="configureAM" finished-at="2022-11-04T16:05:10 IST" duration-ms="1" status="PASS">
          <reporter-output>
          </reporter-output>
        </test-method> <!-- configureAM -->
        <test-method is-config="true" signature="configureAC()[pri:0, instance:Operations.DeleteRequest@3911c2a7]" started-at="2022-11-04T16:05:10 IST" name="configureAC" finished-at="2022-11-04T16:05:10 IST" duration-ms="1" status="PASS">
          <reporter-output>
          </reporter-output>
        </test-method> <!-- configureAC -->
        <test-method is-config="true" signature="configureAT()[pri:0, instance:Operations.DeleteRequest@3911c2a7]" started-at="2022-11-04T16:05:10 IST" name="configureAT" finished-at="2022-11-04T16:05:10 IST" duration-ms="0" status="PASS">
          <reporter-output>
          </reporter-output>
        </test-method> <!-- configureAT -->
        <test-method is-config="true" signature="configureAS()[pri:0, instance:Operations.DeleteRequest@3911c2a7]" started-at="2022-11-04T16:05:10 IST" name="configureAS" finished-at="2022-11-04T16:05:10 IST" duration-ms="1" status="PASS">
          <reporter-output>
          </reporter-output>
        </test-method> <!-- configureAS -->
      </class> <!-- Operations.DeleteRequest -->
    </test> <!-- Default test -->
  </suite> <!-- Default suite -->
</testng-results>
